Using pre-set license
Built from '2020.3/staging' branch; Version is '2020.3.13f1 (71691879b7f5) revision 7432472'; Using compiler version '192528614'; Build Type 'Release'
OS: 'Windows 10 Pro; OS build 19044.2130; Version 2009; 64bit' Language: 'ko' Physical Memory: 32729 MB
BatchMode: 1, IsHumanControllingUs: 0, StartBugReporterOnCrash: 0, Is64bit: 1, IsPro: 0

 COMMAND LINE ARGUMENTS:
C:\Program Files\Unity\Hub\Editor\2020.3.13f1\Editor\Unity.exe
-adb2
-batchMode
-noUpm
-name
AssetImportWorker0
-projectPath
C:/Users/COIN/Desktop/Match
-logFile
Logs/AssetImportWorker0.log
-srvPort
61099
Successfully changed project path to: C:/Users/COIN/Desktop/Match
C:/Users/COIN/Desktop/Match
Using Asset Import Pipeline V2.
Refreshing native plugins compatible for Editor in 34.91 ms, found 2 plugins.
Preloading 0 native plugins for Editor in 0.00 ms.
Initialize engine version: 2020.3.13f1 (71691879b7f5)
[Subsystems] Discovering subsystems at path C:/Program Files/Unity/Hub/Editor/2020.3.13f1/Editor/Data/Resources/UnitySubsystems
[Subsystems] Discovering subsystems at path C:/Users/COIN/Desktop/Match/Assets
GfxDevice: creating device client; threaded=0
Direct3D:
    Version:  Direct3D 11.0 [level 11.1]
    Renderer: NVIDIA GeForce GTX 1080 (ID=0x1b80)
    Vendor:   
    VRAM:     8079 MB
    Driver:   31.0.15.1748
Initialize mono
Mono path[0] = 'C:/Program Files/Unity/Hub/Editor/2020.3.13f1/Editor/Data/Managed'
Mono path[1] = 'C:/Program Files/Unity/Hub/Editor/2020.3.13f1/Editor/Data/MonoBleedingEdge/lib/mono/unityjit'
Mono config path = 'C:/Program Files/Unity/Hub/Editor/2020.3.13f1/Editor/Data/MonoBleedingEdge/etc'
Using monoOptions --debugger-agent=transport=dt_socket,embedding=1,server=y,suspend=n,address=127.0.0.1:56508
Begin MonoManager ReloadAssembly
Registering precompiled unity dll's ...
Register platform support module: C:/Program Files/Unity/Hub/Editor/2020.3.13f1/Editor/Data/PlaybackEngines/WindowsStandaloneSupport/UnityEditor.WindowsStandalone.Extensions.dll
Registered in 0.001829 seconds.
Native extension for WindowsStandalone target not found
Refreshing native plugins compatible for Editor in 27.56 ms, found 2 plugins.
Preloading 0 native plugins for Editor in 0.00 ms.
Mono: successfully reloaded assembly
- Completed reload, in  1.172 seconds
Platform modules already initialized, skipping
Registering precompiled user dll's ...
Registered in 0.003805 seconds.
Begin MonoManager ReloadAssembly
Native extension for WindowsStandalone target not found
Refreshing native plugins compatible for Editor in 0.29 ms, found 2 plugins.
Preloading 0 native plugins for Editor in 0.00 ms.
Mono: successfully reloaded assembly
- Completed reload, in  0.976 seconds
Platform modules already initialized, skipping
========================================================================
Worker process is ready to serve import requests
Launched and connected shader compiler UnityShaderCompiler.exe after 0.04 seconds
Refreshing native plugins compatible for Editor in 0.43 ms, found 2 plugins.
Preloading 0 native plugins for Editor in 0.00 ms.
Unloading 1430 Unused Serialized files (Serialized files now loaded: 0)
System memory in use before: 66.0 MB.
System memory in use after: 66.1 MB.

Unloading 17 unused Assets to reduce memory usage. Loaded Objects now: 1867.
Total: 2.475600 ms (FindLiveObjects: 0.205000 ms CreateObjectMapping: 0.073100 ms MarkObjects: 2.166800 ms  DeleteObjects: 0.029300 ms)

AssetImportParameters requested are different than current active one (requested -> active):
  custom:framework-win-MediaFoundation: 216162199b28c13a410421893ffa2e32 -> 
  custom:video-decoder-ogg-theora: a1e56fd34408186e4bbccfd4996cb3dc -> 
  custom:container-muxer-webm: aa71ff27fc2769a1b78a27578f13a17b -> 
  custom:container-demuxer-webm: 4f35f7cbe854078d1ac9338744f61a02 -> 
  custom:container-demuxer-ogg: 62fdf1f143b41e24485cea50d1cbac27 -> 
  custom:video-encoder-webm-vp8: eb34c28f22e8b96e1ab97ce403110664 -> 
  custom:video-decoder-webm-vp8: 9c59270c3fd7afecdb556c50c9e8de78 -> 
  custom:audio-decoder-ogg-vorbis: bf7c407c2cedff20999df2af8eb42d56 -> 
  custom:audio-encoder-webm-vorbis: bf7c407c2cedff20999df2af8eb42d56 -> 
========================================================================
Received Import Request.
  path: Assets/20.Art/Images/M.T05/QuestionImages/CardImage1-1.png
  artifactKey: Guid(023418a676e89bf40aff0b82e8ef4269) Importer(815301076,1909f56bfc062723c751e8b465ee728b)
Start importing Assets/20.Art/Images/M.T05/QuestionImages/CardImage1-1.png using Guid(023418a676e89bf40aff0b82e8ef4269) Importer(815301076,1909f56bfc062723c751e8b465ee728b)  -> (artifact id: 'eabc9c67464a5c92dd894ca7dacddaec') in 0.108128 seconds 
  Import took 0.110860 seconds .

========================================================================
Received Import Request.
  Time since last request: 0.000175 seconds.
  path: Assets/20.Art/Images/M.T05/QuestionImages/CardImage2-1.png
  artifactKey: Guid(8a3e449fb009c574fa51ab8b33df7884) Importer(815301076,1909f56bfc062723c751e8b465ee728b)
Start importing Assets/20.Art/Images/M.T05/QuestionImages/CardImage2-1.png using Guid(8a3e449fb009c574fa51ab8b33df7884) Importer(815301076,1909f56bfc062723c751e8b465ee728b)  -> (artifact id: 'e02e864b630ffb44a041d375148daed9') in 0.010975 seconds 
  Import took 0.013044 seconds .

========================================================================
Received Import Request.
  Time since last request: 0.000209 seconds.
  path: Assets/20.Art/Images/M.T05/QuestionImages/CardImage2-2.png
  artifactKey: Guid(37c7959f5800ded44a27441b92d01309) Importer(815301076,1909f56bfc062723c751e8b465ee728b)
Start importing Assets/20.Art/Images/M.T05/QuestionImages/CardImage2-2.png using Guid(37c7959f5800ded44a27441b92d01309) Importer(815301076,1909f56bfc062723c751e8b465ee728b)  -> (artifact id: 'f9a50a1e0b35df0dc62612da551a94cb') in 0.011445 seconds 
  Import took 0.014076 seconds .

========================================================================
Received Import Request.
  Time since last request: 0.000202 seconds.
  path: Assets/20.Art/Images/M.T05/QuestionImages/CardImage1-2.png
  artifactKey: Guid(42778689aeca3f24e9bea235ef11162b) Importer(815301076,1909f56bfc062723c751e8b465ee728b)
Start importing Assets/20.Art/Images/M.T05/QuestionImages/CardImage1-2.png using Guid(42778689aeca3f24e9bea235ef11162b) Importer(815301076,1909f56bfc062723c751e8b465ee728b)  -> (artifact id: '73f56065e1b11043f430b0a6a2eccf8b') in 0.011665 seconds 
  Import took 0.013922 seconds .

========================================================================
Received Import Request.
  Time since last request: 0.024782 seconds.
  path: Assets/20.Art/Images/M.T05/QuestionImages/CardImage1-2.png
  artifactKey: Guid(42778689aeca3f24e9bea235ef11162b) Importer(815301076,1909f56bfc062723c751e8b465ee728b)
Start importing Assets/20.Art/Images/M.T05/QuestionImages/CardImage1-2.png using Guid(42778689aeca3f24e9bea235ef11162b) Importer(815301076,1909f56bfc062723c751e8b465ee728b)  -> (artifact id: '73f56065e1b11043f430b0a6a2eccf8b') in 0.007109 seconds 
  Import took 0.009287 seconds .

========================================================================
Received Prepare
Refreshing native plugins compatible for Editor in 2.45 ms, found 2 plugins.
Preloading 0 native plugins for Editor in 0.00 ms.
Unloading 11 Unused Serialized files (Serialized files now loaded: 0)
System memory in use before: 41.1 MB.
System memory in use after: 41.2 MB.

Unloading 11 unused Assets to reduce memory usage. Loaded Objects now: 1879.
Total: 2.396200 ms (FindLiveObjects: 0.126800 ms CreateObjectMapping: 0.040600 ms MarkObjects: 2.211200 ms  DeleteObjects: 0.016700 ms)

AssetImportParameters requested are different than current active one (requested -> active):
  custom:framework-win-MediaFoundation: 216162199b28c13a410421893ffa2e32 -> 
  custom:video-decoder-ogg-theora: a1e56fd34408186e4bbccfd4996cb3dc -> 
  custom:container-muxer-webm: aa71ff27fc2769a1b78a27578f13a17b -> 
  custom:container-demuxer-webm: 4f35f7cbe854078d1ac9338744f61a02 -> 
  custom:container-demuxer-ogg: 62fdf1f143b41e24485cea50d1cbac27 -> 
  custom:video-encoder-webm-vp8: eb34c28f22e8b96e1ab97ce403110664 -> 
  custom:video-decoder-webm-vp8: 9c59270c3fd7afecdb556c50c9e8de78 -> 
  custom:audio-decoder-ogg-vorbis: bf7c407c2cedff20999df2af8eb42d56 -> 
  custom:audio-encoder-webm-vorbis: bf7c407c2cedff20999df2af8eb42d56 -> 
========================================================================
Received Prepare
Registering precompiled user dll's ...
Registered in 0.004235 seconds.
Begin MonoManager ReloadAssembly
Native extension for WindowsStandalone target not found
Refreshing native plugins compatible for Editor in 0.29 ms, found 2 plugins.
Preloading 0 native plugins for Editor in 0.00 ms.
Mono: successfully reloaded assembly
- Completed reload, in  0.863 seconds
Platform modules already initialized, skipping
Refreshing native plugins compatible for Editor in 0.28 ms, found 2 plugins.
Preloading 0 native plugins for Editor in 0.00 ms.
Unloading 1424 Unused Serialized files (Serialized files now loaded: 0)
System memory in use before: 69.0 MB.
System memory in use after: 69.1 MB.

Unloading 13 unused Assets to reduce memory usage. Loaded Objects now: 1881.
Total: 1.762700 ms (FindLiveObjects: 0.148000 ms CreateObjectMapping: 0.054500 ms MarkObjects: 1.545400 ms  DeleteObjects: 0.013900 ms)

AssetImportParameters requested are different than current active one (requested -> active):
  custom:framework-win-MediaFoundation: 216162199b28c13a410421893ffa2e32 -> 
  custom:video-decoder-ogg-theora: a1e56fd34408186e4bbccfd4996cb3dc -> 
  custom:container-muxer-webm: aa71ff27fc2769a1b78a27578f13a17b -> 
  custom:container-demuxer-webm: 4f35f7cbe854078d1ac9338744f61a02 -> 
  custom:container-demuxer-ogg: 62fdf1f143b41e24485cea50d1cbac27 -> 
  custom:video-encoder-webm-vp8: eb34c28f22e8b96e1ab97ce403110664 -> 
  custom:video-decoder-webm-vp8: 9c59270c3fd7afecdb556c50c9e8de78 -> 
  custom:audio-decoder-ogg-vorbis: bf7c407c2cedff20999df2af8eb42d56 -> 
  custom:audio-encoder-webm-vorbis: bf7c407c2cedff20999df2af8eb42d56 -> 
========================================================================
Received Import Request.
  Time since last request: 199.089831 seconds.
  path: Assets/Art
  artifactKey: Guid(765f2e0513b7abd488e9b525058e3c9a) Importer(815301076,1909f56bfc062723c751e8b465ee728b)
Start importing Assets/Art using Guid(765f2e0513b7abd488e9b525058e3c9a) Importer(815301076,1909f56bfc062723c751e8b465ee728b)  -> (artifact id: 'a70281fde3c287ca504b1a9753b83219') in 0.006679 seconds 
  Import took 0.022592 seconds .

========================================================================
Received Import Request.
  Time since last request: 5.789971 seconds.
  path: Assets/Particle
  artifactKey: Guid(5ffeb633f83fa5441984fa6a58bb6ea4) Importer(815301076,1909f56bfc062723c751e8b465ee728b)
Start importing Assets/Particle using Guid(5ffeb633f83fa5441984fa6a58bb6ea4) Importer(815301076,1909f56bfc062723c751e8b465ee728b)  -> (artifact id: 'b1d117b60e10a26f04f0b1428cb41d89') in 0.005330 seconds 
  Import took 0.007725 seconds .

========================================================================
Received Import Request.
  Time since last request: 6.698005 seconds.
  path: Assets/Dev
  artifactKey: Guid(97e2653f5edbddc4c93bd60cb49010f1) Importer(815301076,1909f56bfc062723c751e8b465ee728b)
Start importing Assets/Dev using Guid(97e2653f5edbddc4c93bd60cb49010f1) Importer(815301076,1909f56bfc062723c751e8b465ee728b)  -> (artifact id: '993da4a434177b960e6ea42747c99c96') in 0.006631 seconds 
  Import took 0.009448 seconds .

========================================================================
Received Prepare
Registering precompiled user dll's ...
Registered in 0.003606 seconds.
Begin MonoManager ReloadAssembly
Native extension for WindowsStandalone target not found
Refreshing native plugins compatible for Editor in 0.29 ms, found 2 plugins.
Preloading 0 native plugins for Editor in 0.00 ms.
Mono: successfully reloaded assembly
- Completed reload, in  0.870 seconds
Platform modules already initialized, skipping
Refreshing native plugins compatible for Editor in 0.29 ms, found 2 plugins.
Preloading 0 native plugins for Editor in 0.00 ms.
Unloading 1424 Unused Serialized files (Serialized files now loaded: 0)
System memory in use before: 69.0 MB.
System memory in use after: 69.1 MB.

Unloading 13 unused Assets to reduce memory usage. Loaded Objects now: 1883.
Total: 1.953600 ms (FindLiveObjects: 0.152600 ms CreateObjectMapping: 0.041600 ms MarkObjects: 1.742800 ms  DeleteObjects: 0.015700 ms)

AssetImportParameters requested are different than current active one (requested -> active):
  custom:framework-win-MediaFoundation: 216162199b28c13a410421893ffa2e32 -> 
  custom:video-decoder-ogg-theora: a1e56fd34408186e4bbccfd4996cb3dc -> 
  custom:container-muxer-webm: aa71ff27fc2769a1b78a27578f13a17b -> 
  custom:container-demuxer-webm: 4f35f7cbe854078d1ac9338744f61a02 -> 
  custom:container-demuxer-ogg: 62fdf1f143b41e24485cea50d1cbac27 -> 
  custom:video-encoder-webm-vp8: eb34c28f22e8b96e1ab97ce403110664 -> 
  custom:video-decoder-webm-vp8: 9c59270c3fd7afecdb556c50c9e8de78 -> 
  custom:audio-decoder-ogg-vorbis: bf7c407c2cedff20999df2af8eb42d56 -> 
  custom:audio-encoder-webm-vorbis: bf7c407c2cedff20999df2af8eb42d56 -> 
========================================================================
Received Import Request.
  Time since last request: 6.954822 seconds.
  path: Assets/Scenes
  artifactKey: Guid(b89524d781089244e878ff6cef2fb245) Importer(815301076,1909f56bfc062723c751e8b465ee728b)
Start importing Assets/Scenes using Guid(b89524d781089244e878ff6cef2fb245) Importer(815301076,1909f56bfc062723c751e8b465ee728b)  -> (artifact id: '35fab56fd0ec4678e37d3f9683f07b41') in 0.008431 seconds 
  Import took 0.011680 seconds .

========================================================================
Received Import Request.
  Time since last request: 2.164960 seconds.
  path: Assets/Scene
  artifactKey: Guid(b89524d781089244e878ff6cef2fb245) Importer(815301076,1909f56bfc062723c751e8b465ee728b)
Start importing Assets/Scene using Guid(b89524d781089244e878ff6cef2fb245) Importer(815301076,1909f56bfc062723c751e8b465ee728b)  -> (artifact id: '7e7322f098e9899dd9172b89b3503c28') in 0.005473 seconds 
  Import took 0.007796 seconds .

========================================================================
Received Import Request.
  Time since last request: 19.756185 seconds.
  path: Assets/Scene/Match.unity
  artifactKey: Guid(e1ae013ec94ab1345b6bdeb5505f5859) Importer(815301076,1909f56bfc062723c751e8b465ee728b)
Start importing Assets/Scene/Match.unity using Guid(e1ae013ec94ab1345b6bdeb5505f5859) Importer(815301076,1909f56bfc062723c751e8b465ee728b)  -> (artifact id: '5c3bf5ebe26c3283063055b5c1159da5') in 0.014686 seconds 
  Import took 0.016978 seconds .

========================================================================
Received Prepare
Registering precompiled user dll's ...
Registered in 0.003897 seconds.
Begin MonoManager ReloadAssembly
Native extension for WindowsStandalone target not found
Refreshing native plugins compatible for Editor in 0.28 ms, found 2 plugins.
Preloading 0 native plugins for Editor in 0.00 ms.
Mono: successfully reloaded assembly
- Completed reload, in  0.909 seconds
Platform modules already initialized, skipping
Refreshing native plugins compatible for Editor in 0.28 ms, found 2 plugins.
Preloading 0 native plugins for Editor in 0.00 ms.
Unloading 1424 Unused Serialized files (Serialized files now loaded: 0)
System memory in use before: 69.0 MB.
System memory in use after: 69.1 MB.

Unloading 13 unused Assets to reduce memory usage. Loaded Objects now: 1885.
Total: 1.765100 ms (FindLiveObjects: 0.118600 ms CreateObjectMapping: 0.034900 ms MarkObjects: 1.597100 ms  DeleteObjects: 0.013700 ms)

AssetImportParameters requested are different than current active one (requested -> active):
  custom:framework-win-MediaFoundation: 216162199b28c13a410421893ffa2e32 -> 
  custom:video-decoder-ogg-theora: a1e56fd34408186e4bbccfd4996cb3dc -> 
  custom:container-muxer-webm: aa71ff27fc2769a1b78a27578f13a17b -> 
  custom:container-demuxer-webm: 4f35f7cbe854078d1ac9338744f61a02 -> 
  custom:container-demuxer-ogg: 62fdf1f143b41e24485cea50d1cbac27 -> 
  custom:video-encoder-webm-vp8: eb34c28f22e8b96e1ab97ce403110664 -> 
  custom:video-decoder-webm-vp8: 9c59270c3fd7afecdb556c50c9e8de78 -> 
  custom:audio-decoder-ogg-vorbis: bf7c407c2cedff20999df2af8eb42d56 -> 
  custom:audio-encoder-webm-vorbis: bf7c407c2cedff20999df2af8eb42d56 -> 
========================================================================
Received Prepare
Registering precompiled user dll's ...
Registered in 0.003685 seconds.
Begin MonoManager ReloadAssembly
Native extension for WindowsStandalone target not found
Refreshing native plugins compatible for Editor in 0.29 ms, found 2 plugins.
Preloading 0 native plugins for Editor in 0.00 ms.
Mono: successfully reloaded assembly
- Completed reload, in  0.885 seconds
Platform modules already initialized, skipping
Refreshing native plugins compatible for Editor in 0.29 ms, found 2 plugins.
Preloading 0 native plugins for Editor in 0.00 ms.
Unloading 1424 Unused Serialized files (Serialized files now loaded: 0)
System memory in use before: 69.0 MB.
System memory in use after: 69.1 MB.

Unloading 13 unused Assets to reduce memory usage. Loaded Objects now: 1887.
Total: 1.793700 ms (FindLiveObjects: 0.139900 ms CreateObjectMapping: 0.036400 ms MarkObjects: 1.603300 ms  DeleteObjects: 0.013300 ms)

AssetImportParameters requested are different than current active one (requested -> active):
  custom:framework-win-MediaFoundation: 216162199b28c13a410421893ffa2e32 -> 
  custom:video-decoder-ogg-theora: a1e56fd34408186e4bbccfd4996cb3dc -> 
  custom:container-muxer-webm: aa71ff27fc2769a1b78a27578f13a17b -> 
  custom:container-demuxer-webm: 4f35f7cbe854078d1ac9338744f61a02 -> 
  custom:container-demuxer-ogg: 62fdf1f143b41e24485cea50d1cbac27 -> 
  custom:video-encoder-webm-vp8: eb34c28f22e8b96e1ab97ce403110664 -> 
  custom:video-decoder-webm-vp8: 9c59270c3fd7afecdb556c50c9e8de78 -> 
  custom:audio-decoder-ogg-vorbis: bf7c407c2cedff20999df2af8eb42d56 -> 
  custom:audio-encoder-webm-vorbis: bf7c407c2cedff20999df2af8eb42d56 -> 
========================================================================
Received Prepare
Registering precompiled user dll's ...
Registered in 0.003547 seconds.
Begin MonoManager ReloadAssembly
Native extension for WindowsStandalone target not found
Refreshing native plugins compatible for Editor in 0.30 ms, found 2 plugins.
Preloading 0 native plugins for Editor in 0.00 ms.
Mono: successfully reloaded assembly
- Completed reload, in  0.891 seconds
Platform modules already initialized, skipping
Refreshing native plugins compatible for Editor in 0.28 ms, found 2 plugins.
Preloading 0 native plugins for Editor in 0.00 ms.
Unloading 1424 Unused Serialized files (Serialized files now loaded: 0)
System memory in use before: 69.0 MB.
System memory in use after: 69.1 MB.

Unloading 13 unused Assets to reduce memory usage. Loaded Objects now: 1889.
Total: 2.161200 ms (FindLiveObjects: 0.136400 ms CreateObjectMapping: 0.033400 ms MarkObjects: 1.956600 ms  DeleteObjects: 0.033700 ms)

AssetImportParameters requested are different than current active one (requested -> active):
  custom:framework-win-MediaFoundation: 216162199b28c13a410421893ffa2e32 -> 
  custom:video-decoder-ogg-theora: a1e56fd34408186e4bbccfd4996cb3dc -> 
  custom:container-muxer-webm: aa71ff27fc2769a1b78a27578f13a17b -> 
  custom:container-demuxer-webm: 4f35f7cbe854078d1ac9338744f61a02 -> 
  custom:container-demuxer-ogg: 62fdf1f143b41e24485cea50d1cbac27 -> 
  custom:video-encoder-webm-vp8: eb34c28f22e8b96e1ab97ce403110664 -> 
  custom:video-decoder-webm-vp8: 9c59270c3fd7afecdb556c50c9e8de78 -> 
  custom:audio-decoder-ogg-vorbis: bf7c407c2cedff20999df2af8eb42d56 -> 
  custom:audio-encoder-webm-vorbis: bf7c407c2cedff20999df2af8eb42d56 -> 
========================================================================
Received Prepare
Registering precompiled user dll's ...
Registered in 0.003526 seconds.
Begin MonoManager ReloadAssembly
Native extension for WindowsStandalone target not found
Refreshing native plugins compatible for Editor in 0.29 ms, found 2 plugins.
Preloading 0 native plugins for Editor in 0.00 ms.
Mono: successfully reloaded assembly
- Completed reload, in  0.902 seconds
Platform modules already initialized, skipping
Refreshing native plugins compatible for Editor in 0.42 ms, found 2 plugins.
Preloading 0 native plugins for Editor in 0.00 ms.
Unloading 1424 Unused Serialized files (Serialized files now loaded: 0)
System memory in use before: 69.0 MB.
System memory in use after: 69.1 MB.

Unloading 13 unused Assets to reduce memory usage. Loaded Objects now: 1891.
Total: 1.870800 ms (FindLiveObjects: 0.121500 ms CreateObjectMapping: 0.108500 ms MarkObjects: 1.626500 ms  DeleteObjects: 0.013500 ms)

AssetImportParameters requested are different than current active one (requested -> active):
  custom:framework-win-MediaFoundation: 216162199b28c13a410421893ffa2e32 -> 
  custom:video-decoder-ogg-theora: a1e56fd34408186e4bbccfd4996cb3dc -> 
  custom:container-muxer-webm: aa71ff27fc2769a1b78a27578f13a17b -> 
  custom:container-demuxer-webm: 4f35f7cbe854078d1ac9338744f61a02 -> 
  custom:container-demuxer-ogg: 62fdf1f143b41e24485cea50d1cbac27 -> 
  custom:video-encoder-webm-vp8: eb34c28f22e8b96e1ab97ce403110664 -> 
  custom:video-decoder-webm-vp8: 9c59270c3fd7afecdb556c50c9e8de78 -> 
  custom:audio-decoder-ogg-vorbis: bf7c407c2cedff20999df2af8eb42d56 -> 
  custom:audio-encoder-webm-vorbis: bf7c407c2cedff20999df2af8eb42d56 -> 
========================================================================
Received Prepare
Registering precompiled user dll's ...
Registered in 0.003404 seconds.
Begin MonoManager ReloadAssembly
Native extension for WindowsStandalone target not found
Refreshing native plugins compatible for Editor in 0.29 ms, found 2 plugins.
Preloading 0 native plugins for Editor in 0.00 ms.
Mono: successfully reloaded assembly
- Completed reload, in  0.851 seconds
Platform modules already initialized, skipping
Refreshing native plugins compatible for Editor in 0.28 ms, found 2 plugins.
Preloading 0 native plugins for Editor in 0.00 ms.
Unloading 1424 Unused Serialized files (Serialized files now loaded: 0)
System memory in use before: 69.0 MB.
System memory in use after: 69.2 MB.

Unloading 13 unused Assets to reduce memory usage. Loaded Objects now: 1893.
Total: 2.014000 ms (FindLiveObjects: 0.139900 ms CreateObjectMapping: 0.040200 ms MarkObjects: 1.819100 ms  DeleteObjects: 0.014000 ms)

AssetImportParameters requested are different than current active one (requested -> active):
  custom:framework-win-MediaFoundation: 216162199b28c13a410421893ffa2e32 -> 
  custom:video-decoder-ogg-theora: a1e56fd34408186e4bbccfd4996cb3dc -> 
  custom:container-muxer-webm: aa71ff27fc2769a1b78a27578f13a17b -> 
  custom:container-demuxer-webm: 4f35f7cbe854078d1ac9338744f61a02 -> 
  custom:container-demuxer-ogg: 62fdf1f143b41e24485cea50d1cbac27 -> 
  custom:video-encoder-webm-vp8: eb34c28f22e8b96e1ab97ce403110664 -> 
  custom:video-decoder-webm-vp8: 9c59270c3fd7afecdb556c50c9e8de78 -> 
  custom:audio-decoder-ogg-vorbis: bf7c407c2cedff20999df2af8eb42d56 -> 
  custom:audio-encoder-webm-vorbis: bf7c407c2cedff20999df2af8eb42d56 -> 
========================================================================
Received Prepare
Registering precompiled user dll's ...
Registered in 0.005562 seconds.
Begin MonoManager ReloadAssembly
Native extension for WindowsStandalone target not found
Refreshing native plugins compatible for Editor in 0.31 ms, found 2 plugins.
Preloading 0 native plugins for Editor in 0.00 ms.
Mono: successfully reloaded assembly
- Completed reload, in  1.065 seconds
Platform modules already initialized, skipping
Refreshing native plugins compatible for Editor in 0.33 ms, found 2 plugins.
Preloading 0 native plugins for Editor in 0.00 ms.
Unloading 1424 Unused Serialized files (Serialized files now loaded: 0)
System memory in use before: 69.0 MB.
System memory in use after: 69.2 MB.

Unloading 13 unused Assets to reduce memory usage. Loaded Objects now: 1895.
Total: 1.875500 ms (FindLiveObjects: 0.138400 ms CreateObjectMapping: 0.041800 ms MarkObjects: 1.680900 ms  DeleteObjects: 0.013500 ms)

AssetImportParameters requested are different than current active one (requested -> active):
  custom:framework-win-MediaFoundation: 216162199b28c13a410421893ffa2e32 -> 
  custom:video-decoder-ogg-theora: a1e56fd34408186e4bbccfd4996cb3dc -> 
  custom:container-muxer-webm: aa71ff27fc2769a1b78a27578f13a17b -> 
  custom:container-demuxer-webm: 4f35f7cbe854078d1ac9338744f61a02 -> 
  custom:container-demuxer-ogg: 62fdf1f143b41e24485cea50d1cbac27 -> 
  custom:video-encoder-webm-vp8: eb34c28f22e8b96e1ab97ce403110664 -> 
  custom:video-decoder-webm-vp8: 9c59270c3fd7afecdb556c50c9e8de78 -> 
  custom:audio-decoder-ogg-vorbis: bf7c407c2cedff20999df2af8eb42d56 -> 
  custom:audio-encoder-webm-vorbis: bf7c407c2cedff20999df2af8eb42d56 -> 
========================================================================
Received Prepare
Registering precompiled user dll's ...
Registered in 0.004757 seconds.
Begin MonoManager ReloadAssembly
Native extension for WindowsStandalone target not found
Refreshing native plugins compatible for Editor in 0.28 ms, found 2 plugins.
Preloading 0 native plugins for Editor in 0.00 ms.
Mono: successfully reloaded assembly
- Completed reload, in  0.889 seconds
Platform modules already initialized, skipping
Refreshing native plugins compatible for Editor in 0.28 ms, found 2 plugins.
Preloading 0 native plugins for Editor in 0.00 ms.
Unloading 1424 Unused Serialized files (Serialized files now loaded: 0)
System memory in use before: 69.1 MB.
System memory in use after: 69.2 MB.

Unloading 13 unused Assets to reduce memory usage. Loaded Objects now: 1897.
Total: 1.952800 ms (FindLiveObjects: 0.167400 ms CreateObjectMapping: 0.042100 ms MarkObjects: 1.726100 ms  DeleteObjects: 0.016400 ms)

AssetImportParameters requested are different than current active one (requested -> active):
  custom:framework-win-MediaFoundation: 216162199b28c13a410421893ffa2e32 -> 
  custom:video-decoder-ogg-theora: a1e56fd34408186e4bbccfd4996cb3dc -> 
  custom:container-muxer-webm: aa71ff27fc2769a1b78a27578f13a17b -> 
  custom:container-demuxer-webm: 4f35f7cbe854078d1ac9338744f61a02 -> 
  custom:container-demuxer-ogg: 62fdf1f143b41e24485cea50d1cbac27 -> 
  custom:video-encoder-webm-vp8: eb34c28f22e8b96e1ab97ce403110664 -> 
  custom:video-decoder-webm-vp8: 9c59270c3fd7afecdb556c50c9e8de78 -> 
  custom:audio-decoder-ogg-vorbis: bf7c407c2cedff20999df2af8eb42d56 -> 
  custom:audio-encoder-webm-vorbis: bf7c407c2cedff20999df2af8eb42d56 -> 
========================================================================
Received Import Request.
  Time since last request: 4964.026974 seconds.
  path: Assets/Art/Images/card/BackPattern.png
  artifactKey: Guid(c60fa581cd0dc85419d30c6d6d148243) Importer(815301076,1909f56bfc062723c751e8b465ee728b)
Start importing Assets/Art/Images/card/BackPattern.png using Guid(c60fa581cd0dc85419d30c6d6d148243) Importer(815301076,1909f56bfc062723c751e8b465ee728b)  -> (artifact id: '47f30467b27d78d9b0ecd3fd2b1167eb') in 0.060953 seconds 
  Import took 0.063669 seconds .

========================================================================
Received Import Request.
  Time since last request: 0.000285 seconds.
  path: Assets/Art/Images/card/CardFront.png
  artifactKey: Guid(452d718176a351547b4f0efa07e50462) Importer(815301076,1909f56bfc062723c751e8b465ee728b)
Start importing Assets/Art/Images/card/CardFront.png using Guid(452d718176a351547b4f0efa07e50462) Importer(815301076,1909f56bfc062723c751e8b465ee728b)  -> (artifact id: '5a405d26111041928fd62d94830d0bc3') in 0.017705 seconds 
  Import took 0.019897 seconds .

========================================================================
Received Import Request.
  Time since last request: 0.000220 seconds.
  path: Assets/Art/Images/card/CardBack.png
  artifactKey: Guid(e0487408f6c4ea5439f3e648d80214ec) Importer(815301076,1909f56bfc062723c751e8b465ee728b)
Start importing Assets/Art/Images/card/CardBack.png using Guid(e0487408f6c4ea5439f3e648d80214ec) Importer(815301076,1909f56bfc062723c751e8b465ee728b)  -> (artifact id: 'e926556fe0039454d43d084434e7e3a2') in 0.015842 seconds 
  Import took 0.018539 seconds .

========================================================================
Received Import Request.
  Time since last request: 65.991846 seconds.
  path: Assets/Art/Images/card/QuestionImages/CardImage3-1.png
  artifactKey: Guid(b64edeee20a254147bbcd75cadf0424b) Importer(815301076,1909f56bfc062723c751e8b465ee728b)
Start importing Assets/Art/Images/card/QuestionImages/CardImage3-1.png using Guid(b64edeee20a254147bbcd75cadf0424b) Importer(815301076,1909f56bfc062723c751e8b465ee728b)  -> (artifact id: 'e2ae621200147694c83e1e02735d649e') in 0.017889 seconds 
  Import took 0.021086 seconds .

========================================================================
Received Import Request.
  Time since last request: 0.000237 seconds.
  path: Assets/Art/Images/card/QuestionImages/CardImage4-2.png
  artifactKey: Guid(d5add39ca9d0aa046a8a0483875f8b4a) Importer(815301076,1909f56bfc062723c751e8b465ee728b)
Start importing Assets/Art/Images/card/QuestionImages/CardImage4-2.png using Guid(d5add39ca9d0aa046a8a0483875f8b4a) Importer(815301076,1909f56bfc062723c751e8b465ee728b)  -> (artifact id: '0ad2d11b4b5d28432b2fca38163567ff') in 0.010726 seconds 
  Import took 0.013127 seconds .

========================================================================
Received Import Request.
  Time since last request: 0.000266 seconds.
  path: Assets/Art/Images/card/QuestionImages/CardImage3-2.png
  artifactKey: Guid(41ad169fe3d87b548ba35f495deef1ee) Importer(815301076,1909f56bfc062723c751e8b465ee728b)
Start importing Assets/Art/Images/card/QuestionImages/CardImage3-2.png using Guid(41ad169fe3d87b548ba35f495deef1ee) Importer(815301076,1909f56bfc062723c751e8b465ee728b)  -> (artifact id: 'f734ed640d2b881a3f169fca50d8e98b') in 0.012280 seconds 
  Import took 0.015373 seconds .

========================================================================
Received Import Request.
  Time since last request: 0.000314 seconds.
  path: Assets/Art/Images/card/QuestionImages/CardImage4-1.png
  artifactKey: Guid(a5b1b74ad5d1de64ca8bde3b85042193) Importer(815301076,1909f56bfc062723c751e8b465ee728b)
Start importing Assets/Art/Images/card/QuestionImages/CardImage4-1.png using Guid(a5b1b74ad5d1de64ca8bde3b85042193) Importer(815301076,1909f56bfc062723c751e8b465ee728b)  -> (artifact id: 'b9abfc1b3711b2aa7a6730fcf93feffb') in 0.013552 seconds 
  Import took 0.016366 seconds .

========================================================================
Received Import Request.
  Time since last request: 22.444771 seconds.
  path: Assets/Art/Images/card/QuestionImages/CardImage3-1.png
  artifactKey: Guid(b64edeee20a254147bbcd75cadf0424b) Importer(815301076,1909f56bfc062723c751e8b465ee728b)
Start importing Assets/Art/Images/card/QuestionImages/CardImage3-1.png using Guid(b64edeee20a254147bbcd75cadf0424b) Importer(815301076,1909f56bfc062723c751e8b465ee728b)  -> (artifact id: '245b8efb8d5989c575e69f4b0cbdb724') in 0.011620 seconds 
  Import took 0.014001 seconds .

========================================================================
Received Import Request.
  Time since last request: 0.021300 seconds.
  path: Assets/Art/Images/card/QuestionImages/CardImage3-1.png
  artifactKey: Guid(b64edeee20a254147bbcd75cadf0424b) Importer(815301076,1909f56bfc062723c751e8b465ee728b)
Start importing Assets/Art/Images/card/QuestionImages/CardImage3-1.png using Guid(b64edeee20a254147bbcd75cadf0424b) Importer(815301076,1909f56bfc062723c751e8b465ee728b)  -> (artifact id: '245b8efb8d5989c575e69f4b0cbdb724') in 0.016606 seconds 
  Import took 0.019083 seconds .

========================================================================
Received Import Request.
  Time since last request: 3.503868 seconds.
  path: Assets/Art/Images/card/QuestionImages/CardImage3-2.png
  artifactKey: Guid(41ad169fe3d87b548ba35f495deef1ee) Importer(815301076,1909f56bfc062723c751e8b465ee728b)
Start importing Assets/Art/Images/card/QuestionImages/CardImage3-2.png using Guid(41ad169fe3d87b548ba35f495deef1ee) Importer(815301076,1909f56bfc062723c751e8b465ee728b)  -> (artifact id: '14e236c0f899fab86aa7908b7de57389') in 0.012333 seconds 
  Import took 0.014557 seconds .

========================================================================
Received Import Request.
  Time since last request: 0.017078 seconds.
  path: Assets/Art/Images/card/QuestionImages/CardImage3-2.png
  artifactKey: Guid(41ad169fe3d87b548ba35f495deef1ee) Importer(815301076,1909f56bfc062723c751e8b465ee728b)
Start importing Assets/Art/Images/card/QuestionImages/CardImage3-2.png using Guid(41ad169fe3d87b548ba35f495deef1ee) Importer(815301076,1909f56bfc062723c751e8b465ee728b)  -> (artifact id: '14e236c0f899fab86aa7908b7de57389') in 0.016908 seconds 
  Import took 0.019821 seconds .

========================================================================
Received Import Request.
  Time since last request: 3.731846 seconds.
  path: Assets/Art/Images/card/QuestionImages/CardImage4-1.png
  artifactKey: Guid(a5b1b74ad5d1de64ca8bde3b85042193) Importer(815301076,1909f56bfc062723c751e8b465ee728b)
Start importing Assets/Art/Images/card/QuestionImages/CardImage4-1.png using Guid(a5b1b74ad5d1de64ca8bde3b85042193) Importer(815301076,1909f56bfc062723c751e8b465ee728b)  -> (artifact id: 'b4059a34c1360f0bfa9b8346161e8f9d') in 0.011393 seconds 
  Import took 0.013950 seconds .

========================================================================
Received Import Request.
  Time since last request: 0.018741 seconds.
  path: Assets/Art/Images/card/QuestionImages/CardImage4-1.png
  artifactKey: Guid(a5b1b74ad5d1de64ca8bde3b85042193) Importer(815301076,1909f56bfc062723c751e8b465ee728b)
Start importing Assets/Art/Images/card/QuestionImages/CardImage4-1.png using Guid(a5b1b74ad5d1de64ca8bde3b85042193) Importer(815301076,1909f56bfc062723c751e8b465ee728b)  -> (artifact id: 'b4059a34c1360f0bfa9b8346161e8f9d') in 0.015671 seconds 
  Import took 0.018219 seconds .

========================================================================
Received Import Request.
  Time since last request: 3.806547 seconds.
  path: Assets/Art/Images/card/QuestionImages/CardImage4-2.png
  artifactKey: Guid(d5add39ca9d0aa046a8a0483875f8b4a) Importer(815301076,1909f56bfc062723c751e8b465ee728b)
Start importing Assets/Art/Images/card/QuestionImages/CardImage4-2.png using Guid(d5add39ca9d0aa046a8a0483875f8b4a) Importer(815301076,1909f56bfc062723c751e8b465ee728b)  -> (artifact id: '752aa774df7f03834823e57306f83d48') in 0.012208 seconds 
  Import took 0.015022 seconds .

========================================================================
Received Import Request.
  Time since last request: 0.015669 seconds.
  path: Assets/Art/Images/card/QuestionImages/CardImage4-2.png
  artifactKey: Guid(d5add39ca9d0aa046a8a0483875f8b4a) Importer(815301076,1909f56bfc062723c751e8b465ee728b)
Start importing Assets/Art/Images/card/QuestionImages/CardImage4-2.png using Guid(d5add39ca9d0aa046a8a0483875f8b4a) Importer(815301076,1909f56bfc062723c751e8b465ee728b)  -> (artifact id: '752aa774df7f03834823e57306f83d48') in 0.015911 seconds 
  Import took 0.018412 seconds .

========================================================================
Received Prepare
Registering precompiled user dll's ...
Registered in 0.003612 seconds.
Begin MonoManager ReloadAssembly
Native extension for WindowsStandalone target not found
Refreshing native plugins compatible for Editor in 0.27 ms, found 2 plugins.
Preloading 0 native plugins for Editor in 0.00 ms.
Mono: successfully reloaded assembly
- Completed reload, in  0.890 seconds
Platform modules already initialized, skipping
Refreshing native plugins compatible for Editor in 0.28 ms, found 2 plugins.
Preloading 0 native plugins for Editor in 0.00 ms.
Unloading 1424 Unused Serialized files (Serialized files now loaded: 0)
System memory in use before: 69.1 MB.
System memory in use after: 69.2 MB.

Unloading 13 unused Assets to reduce memory usage. Loaded Objects now: 1905.
Total: 2.004300 ms (FindLiveObjects: 0.161700 ms CreateObjectMapping: 0.048200 ms MarkObjects: 1.775700 ms  DeleteObjects: 0.017400 ms)

AssetImportParameters requested are different than current active one (requested -> active):
  custom:framework-win-MediaFoundation: 216162199b28c13a410421893ffa2e32 -> 
  custom:video-decoder-ogg-theora: a1e56fd34408186e4bbccfd4996cb3dc -> 
  custom:container-muxer-webm: aa71ff27fc2769a1b78a27578f13a17b -> 
  custom:container-demuxer-webm: 4f35f7cbe854078d1ac9338744f61a02 -> 
  custom:container-demuxer-ogg: 62fdf1f143b41e24485cea50d1cbac27 -> 
  custom:video-encoder-webm-vp8: eb34c28f22e8b96e1ab97ce403110664 -> 
  custom:video-decoder-webm-vp8: 9c59270c3fd7afecdb556c50c9e8de78 -> 
  custom:audio-decoder-ogg-vorbis: bf7c407c2cedff20999df2af8eb42d56 -> 
  custom:audio-encoder-webm-vorbis: bf7c407c2cedff20999df2af8eb42d56 -> 
========================================================================
Received Import Request.
  Time since last request: 142.112561 seconds.
  path: Assets/Art/Images/card/BackPattern.png
  artifactKey: Guid(c60fa581cd0dc85419d30c6d6d148243) Importer(815301076,1909f56bfc062723c751e8b465ee728b)
Start importing Assets/Art/Images/card/BackPattern.png using Guid(c60fa581cd0dc85419d30c6d6d148243) Importer(815301076,1909f56bfc062723c751e8b465ee728b)  -> (artifact id: '04ebc5f4492aa9a41c0a23a9a7ca05d4') in 0.030927 seconds 
  Import took 0.033342 seconds .

========================================================================
Received Import Request.
  Time since last request: 0.000405 seconds.
  path: Assets/Art/Images/card/CardFront.png
  artifactKey: Guid(452d718176a351547b4f0efa07e50462) Importer(815301076,1909f56bfc062723c751e8b465ee728b)
Start importing Assets/Art/Images/card/CardFront.png using Guid(452d718176a351547b4f0efa07e50462) Importer(815301076,1909f56bfc062723c751e8b465ee728b)  -> (artifact id: '6b1631c9a54a206447122c34cb0cbcd1') in 0.009517 seconds 
  Import took 0.011704 seconds .

========================================================================
Received Import Request.
  Time since last request: 0.000241 seconds.
  path: Assets/Art/Images/card/CardBack.png
  artifactKey: Guid(e0487408f6c4ea5439f3e648d80214ec) Importer(815301076,1909f56bfc062723c751e8b465ee728b)
Start importing Assets/Art/Images/card/CardBack.png using Guid(e0487408f6c4ea5439f3e648d80214ec) Importer(815301076,1909f56bfc062723c751e8b465ee728b)  -> (artifact id: '0c8feee6324739f2eaf3f1312c2ababb') in 0.013809 seconds 
  Import took 0.016554 seconds .

========================================================================
Received Import Request.
  Time since last request: 10.374123 seconds.
  path: Assets/Art/Images/card/BackPattern.png
  artifactKey: Guid(c60fa581cd0dc85419d30c6d6d148243) Importer(815301076,1909f56bfc062723c751e8b465ee728b)
Start importing Assets/Art/Images/card/BackPattern.png using Guid(c60fa581cd0dc85419d30c6d6d148243) Importer(815301076,1909f56bfc062723c751e8b465ee728b)  -> (artifact id: 'efc3d5681522fa439b19fdf88815b30d') in 0.028485 seconds 
  Import took 0.030986 seconds .

========================================================================
Received Import Request.
  Time since last request: 0.002005 seconds.
  path: Assets/Art/Images/card/BackPattern.png
  artifactKey: Guid(c60fa581cd0dc85419d30c6d6d148243) Importer(815301076,1909f56bfc062723c751e8b465ee728b)
Start importing Assets/Art/Images/card/BackPattern.png using Guid(c60fa581cd0dc85419d30c6d6d148243) Importer(815301076,1909f56bfc062723c751e8b465ee728b)  -> (artifact id: 'efc3d5681522fa439b19fdf88815b30d') in 0.016076 seconds 
  Import took 0.018480 seconds .

========================================================================
Received Import Request.
  Time since last request: 3.118912 seconds.
  path: Assets/Art/Images/card/CardBack.png
  artifactKey: Guid(e0487408f6c4ea5439f3e648d80214ec) Importer(815301076,1909f56bfc062723c751e8b465ee728b)
Start importing Assets/Art/Images/card/CardBack.png using Guid(e0487408f6c4ea5439f3e648d80214ec) Importer(815301076,1909f56bfc062723c751e8b465ee728b)  -> (artifact id: '3ef8f7ce1e98cb94d7db6229994e8930') in 0.015373 seconds 
  Import took 0.017995 seconds .

========================================================================
Received Import Request.
  Time since last request: 0.012925 seconds.
  path: Assets/Art/Images/card/CardBack.png
  artifactKey: Guid(e0487408f6c4ea5439f3e648d80214ec) Importer(815301076,1909f56bfc062723c751e8b465ee728b)
Start importing Assets/Art/Images/card/CardBack.png using Guid(e0487408f6c4ea5439f3e648d80214ec) Importer(815301076,1909f56bfc062723c751e8b465ee728b)  -> (artifact id: '3ef8f7ce1e98cb94d7db6229994e8930') in 0.022773 seconds 
  Import took 0.025879 seconds .

========================================================================
Received Import Request.
  Time since last request: 2.874140 seconds.
  path: Assets/Art/Images/card/CardFront.png
  artifactKey: Guid(452d718176a351547b4f0efa07e50462) Importer(815301076,1909f56bfc062723c751e8b465ee728b)
Start importing Assets/Art/Images/card/CardFront.png using Guid(452d718176a351547b4f0efa07e50462) Importer(815301076,1909f56bfc062723c751e8b465ee728b)  -> (artifact id: 'ddc1297e94c72a1f1bfdc09f3d1fb771') in 0.012976 seconds 
  Import took 0.015129 seconds .

========================================================================
Received Import Request.
  Time since last request: 0.015899 seconds.
  path: Assets/Art/Images/card/CardFront.png
  artifactKey: Guid(452d718176a351547b4f0efa07e50462) Importer(815301076,1909f56bfc062723c751e8b465ee728b)
Start importing Assets/Art/Images/card/CardFront.png using Guid(452d718176a351547b4f0efa07e50462) Importer(815301076,1909f56bfc062723c751e8b465ee728b)  -> (artifact id: 'ddc1297e94c72a1f1bfdc09f3d1fb771') in 0.015136 seconds 
  Import took 0.018241 seconds .

========================================================================
Received Prepare
Registering precompiled user dll's ...
Registered in 0.003501 seconds.
Begin MonoManager ReloadAssembly
Native extension for WindowsStandalone target not found
Refreshing native plugins compatible for Editor in 0.28 ms, found 2 plugins.
Preloading 0 native plugins for Editor in 0.00 ms.
Mono: successfully reloaded assembly
- Completed reload, in  0.850 seconds
Platform modules already initialized, skipping
Refreshing native plugins compatible for Editor in 0.29 ms, found 2 plugins.
Preloading 0 native plugins for Editor in 0.00 ms.
Unloading 1424 Unused Serialized files (Serialized files now loaded: 0)
System memory in use before: 69.1 MB.
System memory in use after: 69.2 MB.

Unloading 13 unused Assets to reduce memory usage. Loaded Objects now: 1908.
Total: 1.831900 ms (FindLiveObjects: 0.134100 ms CreateObjectMapping: 0.046600 ms MarkObjects: 1.635900 ms  DeleteObjects: 0.014300 ms)

AssetImportParameters requested are different than current active one (requested -> active):
  custom:framework-win-MediaFoundation: 216162199b28c13a410421893ffa2e32 -> 
  custom:video-decoder-ogg-theora: a1e56fd34408186e4bbccfd4996cb3dc -> 
  custom:container-muxer-webm: aa71ff27fc2769a1b78a27578f13a17b -> 
  custom:container-demuxer-webm: 4f35f7cbe854078d1ac9338744f61a02 -> 
  custom:container-demuxer-ogg: 62fdf1f143b41e24485cea50d1cbac27 -> 
  custom:video-encoder-webm-vp8: eb34c28f22e8b96e1ab97ce403110664 -> 
  custom:video-decoder-webm-vp8: 9c59270c3fd7afecdb556c50c9e8de78 -> 
  custom:audio-decoder-ogg-vorbis: bf7c407c2cedff20999df2af8eb42d56 -> 
  custom:audio-encoder-webm-vorbis: bf7c407c2cedff20999df2af8eb42d56 -> 
========================================================================
Received Import Request.
  Time since last request: 283.809926 seconds.
  path: Assets/Art/Images/Common/O.png
  artifactKey: Guid(3d9ba595c6f1b3741971ed89d2ffbcea) Importer(815301076,1909f56bfc062723c751e8b465ee728b)
Start importing Assets/Art/Images/Common/O.png using Guid(3d9ba595c6f1b3741971ed89d2ffbcea) Importer(815301076,1909f56bfc062723c751e8b465ee728b)  -> (artifact id: '831eb340c249c493ef0d6b4c39b856b4') in 0.036876 seconds 
  Import took 0.039614 seconds .

========================================================================
Received Import Request.
  Time since last request: 0.000230 seconds.
  path: Assets/Art/Images/Common/X.png
  artifactKey: Guid(646312e4b06a00c4aa13d12557391d2c) Importer(815301076,1909f56bfc062723c751e8b465ee728b)
Start importing Assets/Art/Images/Common/X.png using Guid(646312e4b06a00c4aa13d12557391d2c) Importer(815301076,1909f56bfc062723c751e8b465ee728b)  -> (artifact id: 'd1ab5abb99d98b294e824d03de38190f') in 0.010701 seconds 
  Import took 0.013296 seconds .

========================================================================
Received Import Request.
  Time since last request: 4.326524 seconds.
  path: Assets/Art/Images/Common/X.png
  artifactKey: Guid(646312e4b06a00c4aa13d12557391d2c) Importer(815301076,1909f56bfc062723c751e8b465ee728b)
Start importing Assets/Art/Images/Common/X.png using Guid(646312e4b06a00c4aa13d12557391d2c) Importer(815301076,1909f56bfc062723c751e8b465ee728b)  -> (artifact id: '7c0a9d3d89ff323a56024ce3fe877dee') in 0.026950 seconds 
  Import took 0.029333 seconds .

========================================================================
Received Import Request.
  Time since last request: 0.003830 seconds.
  path: Assets/Art/Images/Common/X.png
  artifactKey: Guid(646312e4b06a00c4aa13d12557391d2c) Importer(815301076,1909f56bfc062723c751e8b465ee728b)
Start importing Assets/Art/Images/Common/X.png using Guid(646312e4b06a00c4aa13d12557391d2c) Importer(815301076,1909f56bfc062723c751e8b465ee728b)  -> (artifact id: '7c0a9d3d89ff323a56024ce3fe877dee') in 0.020002 seconds 
  Import took 0.022749 seconds .

========================================================================
Received Import Request.
  Time since last request: 6.179237 seconds.
  path: Assets/Art/Images/Common/O.png
  artifactKey: Guid(3d9ba595c6f1b3741971ed89d2ffbcea) Importer(815301076,1909f56bfc062723c751e8b465ee728b)
Start importing Assets/Art/Images/Common/O.png using Guid(3d9ba595c6f1b3741971ed89d2ffbcea) Importer(815301076,1909f56bfc062723c751e8b465ee728b)  -> (artifact id: '14085c31413d89a8007f26db595ae74e') in 0.014312 seconds 
  Import took 0.017019 seconds .

========================================================================
Received Import Request.
  Time since last request: 0.013751 seconds.
  path: Assets/Art/Images/Common/O.png
  artifactKey: Guid(3d9ba595c6f1b3741971ed89d2ffbcea) Importer(815301076,1909f56bfc062723c751e8b465ee728b)
Start importing Assets/Art/Images/Common/O.png using Guid(3d9ba595c6f1b3741971ed89d2ffbcea) Importer(815301076,1909f56bfc062723c751e8b465ee728b)  -> (artifact id: '14085c31413d89a8007f26db595ae74e') in 0.020728 seconds 
  Import took 0.023436 seconds .

========================================================================
Received Prepare
Registering precompiled user dll's ...
Registered in 0.003551 seconds.
Begin MonoManager ReloadAssembly
Native extension for WindowsStandalone target not found
Refreshing native plugins compatible for Editor in 0.28 ms, found 2 plugins.
Preloading 0 native plugins for Editor in 0.01 ms.
Mono: successfully reloaded assembly
- Completed reload, in  0.880 seconds
Platform modules already initialized, skipping
Refreshing native plugins compatible for Editor in 0.37 ms, found 2 plugins.
Preloading 0 native plugins for Editor in 0.00 ms.
Unloading 1424 Unused Serialized files (Serialized files now loaded: 0)
System memory in use before: 69.2 MB.
System memory in use after: 69.3 MB.

Unloading 13 unused Assets to reduce memory usage. Loaded Objects now: 1915.
Total: 1.785500 ms (FindLiveObjects: 0.151100 ms CreateObjectMapping: 0.051400 ms MarkObjects: 1.563700 ms  DeleteObjects: 0.018100 ms)

AssetImportParameters requested are different than current active one (requested -> active):
  custom:framework-win-MediaFoundation: 216162199b28c13a410421893ffa2e32 -> 
  custom:video-decoder-ogg-theora: a1e56fd34408186e4bbccfd4996cb3dc -> 
  custom:container-muxer-webm: aa71ff27fc2769a1b78a27578f13a17b -> 
  custom:container-demuxer-webm: 4f35f7cbe854078d1ac9338744f61a02 -> 
  custom:container-demuxer-ogg: 62fdf1f143b41e24485cea50d1cbac27 -> 
  custom:video-encoder-webm-vp8: eb34c28f22e8b96e1ab97ce403110664 -> 
  custom:video-decoder-webm-vp8: 9c59270c3fd7afecdb556c50c9e8de78 -> 
  custom:audio-decoder-ogg-vorbis: bf7c407c2cedff20999df2af8eb42d56 -> 
  custom:audio-encoder-webm-vorbis: bf7c407c2cedff20999df2af8eb42d56 -> 
========================================================================
Received Import Request.
  Time since last request: 400.068973 seconds.
  path: Assets/Art/Images/Common/O.png
  artifactKey: Guid(3d9ba595c6f1b3741971ed89d2ffbcea) Importer(815301076,1909f56bfc062723c751e8b465ee728b)
Start importing Assets/Art/Images/Common/O.png using Guid(3d9ba595c6f1b3741971ed89d2ffbcea) Importer(815301076,1909f56bfc062723c751e8b465ee728b)  -> (artifact id: '0915e8a3da644dcffa9c11589717c04a') in 0.050523 seconds 
  Import took 0.053284 seconds .

========================================================================
Received Import Request.
  Time since last request: 0.000406 seconds.
  path: Assets/Art/Images/Common/X.png
  artifactKey: Guid(646312e4b06a00c4aa13d12557391d2c) Importer(815301076,1909f56bfc062723c751e8b465ee728b)
Start importing Assets/Art/Images/Common/X.png using Guid(646312e4b06a00c4aa13d12557391d2c) Importer(815301076,1909f56bfc062723c751e8b465ee728b)  -> (artifact id: '1ec0ed756e13d8d53075193af64caa7e') in 0.011418 seconds 
  Import took 0.013555 seconds .

========================================================================
Received Prepare
Registering precompiled user dll's ...
Registered in 0.003457 seconds.
Begin MonoManager ReloadAssembly
Native extension for WindowsStandalone target not found
Refreshing native plugins compatible for Editor in 0.28 ms, found 2 plugins.
Preloading 0 native plugins for Editor in 0.00 ms.
Mono: successfully reloaded assembly
- Completed reload, in  0.860 seconds
Platform modules already initialized, skipping
Refreshing native plugins compatible for Editor in 0.29 ms, found 2 plugins.
Preloading 0 native plugins for Editor in 0.00 ms.
Unloading 1424 Unused Serialized files (Serialized files now loaded: 0)
System memory in use before: 69.2 MB.
System memory in use after: 69.3 MB.

Unloading 13 unused Assets to reduce memory usage. Loaded Objects now: 1920.
Total: 1.758200 ms (FindLiveObjects: 0.150400 ms CreateObjectMapping: 0.038200 ms MarkObjects: 1.553800 ms  DeleteObjects: 0.014800 ms)

AssetImportParameters requested are different than current active one (requested -> active):
  custom:framework-win-MediaFoundation: 216162199b28c13a410421893ffa2e32 -> 
  custom:video-decoder-ogg-theora: a1e56fd34408186e4bbccfd4996cb3dc -> 
  custom:container-muxer-webm: aa71ff27fc2769a1b78a27578f13a17b -> 
  custom:container-demuxer-webm: 4f35f7cbe854078d1ac9338744f61a02 -> 
  custom:container-demuxer-ogg: 62fdf1f143b41e24485cea50d1cbac27 -> 
  custom:video-encoder-webm-vp8: eb34c28f22e8b96e1ab97ce403110664 -> 
  custom:video-decoder-webm-vp8: 9c59270c3fd7afecdb556c50c9e8de78 -> 
  custom:audio-decoder-ogg-vorbis: bf7c407c2cedff20999df2af8eb42d56 -> 
  custom:audio-encoder-webm-vorbis: bf7c407c2cedff20999df2af8eb42d56 -> 
========================================================================
Received Prepare
Registering precompiled user dll's ...
Registered in 0.003516 seconds.
Begin MonoManager ReloadAssembly
Native extension for WindowsStandalone target not found
Refreshing native plugins compatible for Editor in 0.30 ms, found 2 plugins.
Preloading 0 native plugins for Editor in 0.00 ms.
Mono: successfully reloaded assembly
- Completed reload, in  0.861 seconds
Platform modules already initialized, skipping
Refreshing native plugins compatible for Editor in 0.29 ms, found 2 plugins.
Preloading 0 native plugins for Editor in 0.00 ms.
Unloading 1424 Unused Serialized files (Serialized files now loaded: 0)
System memory in use before: 69.2 MB.
System memory in use after: 69.3 MB.

Unloading 13 unused Assets to reduce memory usage. Loaded Objects now: 1922.
Total: 1.628200 ms (FindLiveObjects: 0.127400 ms CreateObjectMapping: 0.043400 ms MarkObjects: 1.443500 ms  DeleteObjects: 0.013100 ms)

AssetImportParameters requested are different than current active one (requested -> active):
  custom:framework-win-MediaFoundation: 216162199b28c13a410421893ffa2e32 -> 
  custom:video-decoder-ogg-theora: a1e56fd34408186e4bbccfd4996cb3dc -> 
  custom:container-muxer-webm: aa71ff27fc2769a1b78a27578f13a17b -> 
  custom:container-demuxer-webm: 4f35f7cbe854078d1ac9338744f61a02 -> 
  custom:container-demuxer-ogg: 62fdf1f143b41e24485cea50d1cbac27 -> 
  custom:video-encoder-webm-vp8: eb34c28f22e8b96e1ab97ce403110664 -> 
  custom:video-decoder-webm-vp8: 9c59270c3fd7afecdb556c50c9e8de78 -> 
  custom:audio-decoder-ogg-vorbis: bf7c407c2cedff20999df2af8eb42d56 -> 
  custom:audio-encoder-webm-vorbis: bf7c407c2cedff20999df2af8eb42d56 -> 
========================================================================
Received Prepare
Registering precompiled user dll's ...
Registered in 0.003466 seconds.
Begin MonoManager ReloadAssembly
Native extension for WindowsStandalone target not found
Refreshing native plugins compatible for Editor in 0.33 ms, found 2 plugins.
Preloading 0 native plugins for Editor in 0.00 ms.
Mono: successfully reloaded assembly
- Completed reload, in  0.867 seconds
Platform modules already initialized, skipping
Refreshing native plugins compatible for Editor in 0.30 ms, found 2 plugins.
Preloading 0 native plugins for Editor in 0.00 ms.
Unloading 1424 Unused Serialized files (Serialized files now loaded: 0)
System memory in use before: 69.2 MB.
System memory in use after: 69.3 MB.

Unloading 13 unused Assets to reduce memory usage. Loaded Objects now: 1924.
Total: 2.010300 ms (FindLiveObjects: 0.152300 ms CreateObjectMapping: 0.039400 ms MarkObjects: 1.792400 ms  DeleteObjects: 0.025100 ms)

AssetImportParameters requested are different than current active one (requested -> active):
  custom:framework-win-MediaFoundation: 216162199b28c13a410421893ffa2e32 -> 
  custom:video-decoder-ogg-theora: a1e56fd34408186e4bbccfd4996cb3dc -> 
  custom:container-muxer-webm: aa71ff27fc2769a1b78a27578f13a17b -> 
  custom:container-demuxer-webm: 4f35f7cbe854078d1ac9338744f61a02 -> 
  custom:container-demuxer-ogg: 62fdf1f143b41e24485cea50d1cbac27 -> 
  custom:video-encoder-webm-vp8: eb34c28f22e8b96e1ab97ce403110664 -> 
  custom:video-decoder-webm-vp8: 9c59270c3fd7afecdb556c50c9e8de78 -> 
  custom:audio-decoder-ogg-vorbis: bf7c407c2cedff20999df2af8eb42d56 -> 
  custom:audio-encoder-webm-vorbis: bf7c407c2cedff20999df2af8eb42d56 -> 
========================================================================
Received Prepare
Registering precompiled user dll's ...
Registered in 0.003442 seconds.
Begin MonoManager ReloadAssembly
Native extension for WindowsStandalone target not found
Refreshing native plugins compatible for Editor in 0.28 ms, found 2 plugins.
Preloading 0 native plugins for Editor in 0.00 ms.
Mono: successfully reloaded assembly
- Completed reload, in  0.871 seconds
Platform modules already initialized, skipping
Refreshing native plugins compatible for Editor in 0.29 ms, found 2 plugins.
Preloading 0 native plugins for Editor in 0.00 ms.
Unloading 1424 Unused Serialized files (Serialized files now loaded: 0)
System memory in use before: 69.2 MB.
System memory in use after: 69.3 MB.

Unloading 13 unused Assets to reduce memory usage. Loaded Objects now: 1926.
Total: 1.864800 ms (FindLiveObjects: 0.137900 ms CreateObjectMapping: 0.040200 ms MarkObjects: 1.672200 ms  DeleteObjects: 0.013700 ms)

AssetImportParameters requested are different than current active one (requested -> active):
  custom:framework-win-MediaFoundation: 216162199b28c13a410421893ffa2e32 -> 
  custom:video-decoder-ogg-theora: a1e56fd34408186e4bbccfd4996cb3dc -> 
  custom:container-muxer-webm: aa71ff27fc2769a1b78a27578f13a17b -> 
  custom:container-demuxer-webm: 4f35f7cbe854078d1ac9338744f61a02 -> 
  custom:container-demuxer-ogg: 62fdf1f143b41e24485cea50d1cbac27 -> 
  custom:video-encoder-webm-vp8: eb34c28f22e8b96e1ab97ce403110664 -> 
  custom:video-decoder-webm-vp8: 9c59270c3fd7afecdb556c50c9e8de78 -> 
  custom:audio-decoder-ogg-vorbis: bf7c407c2cedff20999df2af8eb42d56 -> 
  custom:audio-encoder-webm-vorbis: bf7c407c2cedff20999df2af8eb42d56 -> 
AssetImportWorkerClient::OnTransportError - code=2 error=End of file
